This is pdfTeX, Version 3.1415926-2.5-1.40.14 (MiKTeX 2.9) (preloaded format=pdflatex 2015.6.26)  9 OCT 2015 21:57
entering extended mode
**C:/prak/prak/lab1/report/report.tex
(C:/prak/prak/lab1/report/report.tex
LaTeX2e <2011/06/27>
Babel <v3.8m> and hyphenation patterns for english, afrikaans, ancientgreek, ar
abic, armenian, assamese, basque, bengali, bokmal, bulgarian, catalan, coptic, 
croatian, czech, danish, dutch, esperanto, estonian, farsi, finnish, french, ga
lician, german, german-x-2013-05-26, greek, gujarati, hindi, hungarian, iceland
ic, indonesian, interlingua, irish, italian, kannada, kurmanji, latin, latvian,
 lithuanian, malayalam, marathi, mongolian, mongolianlmc, monogreek, ngerman, n
german-x-2013-05-26, nynorsk, oriya, panjabi, pinyin, polish, portuguese, roman
ian, russian, sanskrit, serbian, slovak, slovenian, spanish, swedish, swissgerm
an, tamil, telugu, turkish, turkmen, ukenglish, ukrainian, uppersorbian, usengl
ishmax, welsh, loaded.
(C:\MiKTeX\tex\latex\base\article.cls
Document Class: article 2007/10/19 v1.4h Standard LaTeX document class
(C:\MiKTeX\tex\latex\base\size10.clo
File: size10.clo 2007/10/19 v1.4h Standard LaTeX file (size option)
)
\c@part=\count79
\c@section=\count80
\c@subsection=\count81
\c@subsubsection=\count82
\c@paragraph=\count83
\c@subparagraph=\count84
\c@figure=\count85
\c@table=\count86
\abovecaptionskip=\skip41
\belowcaptionskip=\skip42
\bibindent=\dimen102
) (C:\MiKTeX\tex\latex\cmap\cmap.sty
Package: cmap 2008/03/06 v1.0h CMap support: searchable PDF
)
(C:\MiKTeX\tex\latex\base\fontenc.sty
Package: fontenc 2005/09/27 v1.99g Standard LaTeX package
 (C:\MiKTeX\tex\latex\base\t1enc.def
File: t1enc.def 2005/09/27 v1.99g Standard LaTeX file
LaTeX Font Info:    Redeclaring font encoding T1 on input line 43.
)<<t1.cmap>>) (C:\MiKTeX\tex\latex\base\inputenc.sty
Package: inputenc 2008/03/30 v1.1d Input encoding file
\inpenc@prehook=\toks14
\inpenc@posthook=\toks15

(C:\MiKTeX\tex\latex\cyrillic\cp1251.def
File: cp1251.def 2014/10/28 v1.0d Input encoding file
))
(C:\MiKTeX\tex\generic\babel\babel.sty
Package: babel 2008/07/08 v3.8m The Babel package

*************************************
* Local config file bblopts.cfg used
*
(C:\MiKTeX\tex\latex\00miktex\bblopts.cfg
File: bblopts.cfg 2006/07/31 v1.0 MiKTeX 'babel' configuration
)
(C:\MiKTeX\tex\generic\babel\russianb.ldf
Language: russianb 2008/03/21 v1.1r Russian support from the babel system

(C:\MiKTeX\tex\generic\babel\babel.def
File: babel.def 2008/07/08 v3.8m Babel common definitions
\babel@savecnt=\count87
\U@D=\dimen103
)
(C:\MiKTeX\tex\latex\cyrillic\t2aenc.def
File: t2aenc.def 2005/09/27 v1.0i Cyrillic encoding definition file
)
Package babel Info: Making " an active character on input line 199.
))
(C:\MiKTeX\tex\latex\amsmath\amsmath.sty
Package: amsmath 2013/01/14 v2.14 AMS math features
\@mathmargin=\skip43

For additional information on amsmath, use the `?' option.
(C:\MiKTeX\tex\latex\amsmath\amstext.sty
Package: amstext 2000/06/29 v2.01

(C:\MiKTeX\tex\latex\amsmath\amsgen.sty
File: amsgen.sty 1999/11/30 v2.0
\@emptytoks=\toks16
\ex@=\dimen104
))
(C:\MiKTeX\tex\latex\amsmath\amsbsy.sty
Package: amsbsy 1999/11/29 v1.2d
\pmbraise@=\dimen105
)
(C:\MiKTeX\tex\latex\amsmath\amsopn.sty
Package: amsopn 1999/12/14 v2.01 operator names
)
\inf@bad=\count88
LaTeX Info: Redefining \frac on input line 210.
\uproot@=\count89
\leftroot@=\count90
LaTeX Info: Redefining \overline on input line 306.
\classnum@=\count91
\DOTSCASE@=\count92
LaTeX Info: Redefining \ldots on input line 378.
LaTeX Info: Redefining \dots on input line 381.
LaTeX Info: Redefining \cdots on input line 466.
\Mathstrutbox@=\box26
\strutbox@=\box27
\big@size=\dimen106
LaTeX Font Info:    Redeclaring font encoding OML on input line 566.
LaTeX Font Info:    Redeclaring font encoding OMS on input line 567.
\macc@depth=\count93
\c@MaxMatrixCols=\count94
\dotsspace@=\muskip10
\c@parentequation=\count95
\dspbrk@lvl=\count96
\tag@help=\toks17
\row@=\count97
\column@=\count98
\maxfields@=\count99
\andhelp@=\toks18
\eqnshift@=\dimen107
\alignsep@=\dimen108
\tagshift@=\dimen109
\tagwidth@=\dimen110
\totwidth@=\dimen111
\lineht@=\dimen112
\@envbody=\toks19
\multlinegap=\skip44
\multlinetaggap=\skip45
\mathdisplay@stack=\toks20
LaTeX Info: Redefining \[ on input line 2665.
LaTeX Info: Redefining \] on input line 2666.
)
(C:\MiKTeX\tex\latex\amsfonts\amsfonts.sty
Package: amsfonts 2013/01/14 v3.01 Basic AMSFonts support
\symAMSa=\mathgroup4
\symAMSb=\mathgroup5
LaTeX Font Info:    Overwriting math alphabet `\mathfrak' in version `bold'
(Font)                  U/euf/m/n --> U/euf/b/n on input line 106.
)
(C:\MiKTeX\tex\latex\amsfonts\amssymb.sty
Package: amssymb 2013/01/14 v3.01 AMS font symbols
)
(C:\MiKTeX\tex\latex\wrapfig\wrapfig.sty
\wrapoverhang=\dimen113
\WF@size=\dimen114
\c@WF@wrappedlines=\count100
\WF@box=\box28
\WF@everypar=\toks21
Package: wrapfig 2003/01/31  v 3.6
)
(C:\MiKTeX\tex\latex\setspace\setspace.sty
Package: setspace 2011/12/19 v6.7a set line spacing
)
(C:\MiKTeX\tex\latex\graphics\graphicx.sty
Package: graphicx 1999/02/16 v1.0f Enhanced LaTeX Graphics (DPC,SPQR)

(C:\MiKTeX\tex\latex\graphics\keyval.sty
Package: keyval 1999/03/16 v1.13 key=value parser (DPC)
\KV@toks@=\toks22
)
(C:\MiKTeX\tex\latex\graphics\graphics.sty
Package: graphics 2009/02/05 v1.0o Standard LaTeX Graphics (DPC,SPQR)

(C:\MiKTeX\tex\latex\graphics\trig.sty
Package: trig 1999/03/16 v1.09 sin cos tan (DPC)
)
(C:\MiKTeX\tex\latex\00miktex\graphics.cfg
File: graphics.cfg 2007/01/18 v1.5 graphics configuration of teTeX/TeXLive
)
Package graphics Info: Driver file: pdftex.def on input line 91.

(C:\MiKTeX\tex\latex\pdftex-def\pdftex.def
File: pdftex.def 2011/05/27 v0.06d Graphics/color for pdfTeX

(C:\MiKTeX\tex\generic\oberdiek\infwarerr.sty
Package: infwarerr 2010/04/08 v1.3 Providing info/warning/error messages (HO)
)
(C:\MiKTeX\tex\generic\oberdiek\ltxcmds.sty
Package: ltxcmds 2011/11/09 v1.22 LaTeX kernel commands for general use (HO)
)
\Gread@gobject=\count101
))
\Gin@req@height=\dimen115
\Gin@req@width=\dimen116
)
(C:\MiKTeX\tex\latex\caption\caption.sty
Package: caption 2015/09/17 v3.3-111 Customizing captions (AR)

(C:\MiKTeX\tex\latex\caption\caption3.sty
Package: caption3 2015/09/20 v1.7-115 caption3 kernel (AR)
Package caption3 Info: TeX engine: e-TeX on input line 57.
\captionmargin=\dimen117
\captionmargin@=\dimen118
\captionwidth=\dimen119
\caption@tempdima=\dimen120
\caption@indent=\dimen121
\caption@parindent=\dimen122
\caption@hangindent=\dimen123
)
\c@ContinuedFloat=\count102
Package caption Info: wrapfig package is loaded.
)
(C:\MiKTeX\tex\latex\caption\subcaption.sty
Package: subcaption 2015/09/15 v1.1-100 Sub-captions (AR)
\c@subfigure=\count103
\c@subtable=\count104
)
(C:\MiKTeX\tex\latex\base\textcomp.sty
Package: textcomp 2005/09/27 v1.99g Standard LaTeX package
Package textcomp Info: Sub-encoding information:
(textcomp)               5 = only ISO-Adobe without \textcurrency
(textcomp)               4 = 5 + \texteuro
(textcomp)               3 = 4 + \textohm
(textcomp)               2 = 3 + \textestimated + \textcurrency
(textcomp)               1 = TS1 - \textcircled - \t
(textcomp)               0 = TS1 (full)
(textcomp)             Font families with sub-encoding setting implement
(textcomp)             only a restricted character set as indicated.
(textcomp)             Family '?' is the default used for unknown fonts.
(textcomp)             See the documentation for details.
Package textcomp Info: Setting ? sub-encoding to TS1/1 on input line 71.
 (C:\MiKTeX\tex\latex\base\ts1enc.def
File: ts1enc.def 2001/06/05 v3.0e (jk/car/fm) Standard LaTeX file
)
LaTeX Info: Redefining \oldstylenums on input line 266.
Package textcomp Info: Setting cmr sub-encoding to TS1/0 on input line 281.
Package textcomp Info: Setting cmss sub-encoding to TS1/0 on input line 282.
Package textcomp Info: Setting cmtt sub-encoding to TS1/0 on input line 283.
Package textcomp Info: Setting cmvtt sub-encoding to TS1/0 on input line 284.
Package textcomp Info: Setting cmbr sub-encoding to TS1/0 on input line 285.
Package textcomp Info: Setting cmtl sub-encoding to TS1/0 on input line 286.
Package textcomp Info: Setting ccr sub-encoding to TS1/0 on input line 287.
Package textcomp Info: Setting ptm sub-encoding to TS1/4 on input line 288.
Package textcomp Info: Setting pcr sub-encoding to TS1/4 on input line 289.
Package textcomp Info: Setting phv sub-encoding to TS1/4 on input line 290.
Package textcomp Info: Setting ppl sub-encoding to TS1/3 on input line 291.
Package textcomp Info: Setting pag sub-encoding to TS1/4 on input line 292.
Package textcomp Info: Setting pbk sub-encoding to TS1/4 on input line 293.
Package textcomp Info: Setting pnc sub-encoding to TS1/4 on input line 294.
Package textcomp Info: Setting pzc sub-encoding to TS1/4 on input line 295.
Package textcomp Info: Setting bch sub-encoding to TS1/4 on input line 296.
Package textcomp Info: Setting put sub-encoding to TS1/5 on input line 297.
Package textcomp Info: Setting uag sub-encoding to TS1/5 on input line 298.
Package textcomp Info: Setting ugq sub-encoding to TS1/5 on input line 299.
Package textcomp Info: Setting ul8 sub-encoding to TS1/4 on input line 300.
Package textcomp Info: Setting ul9 sub-encoding to TS1/4 on input line 301.
Package textcomp Info: Setting augie sub-encoding to TS1/5 on input line 302.
Package textcomp Info: Setting dayrom sub-encoding to TS1/3 on input line 303.
Package textcomp Info: Setting dayroms sub-encoding to TS1/3 on input line 304.

Package textcomp Info: Setting pxr sub-encoding to TS1/0 on input line 305.
Package textcomp Info: Setting pxss sub-encoding to TS1/0 on input line 306.
Package textcomp Info: Setting pxtt sub-encoding to TS1/0 on input line 307.
Package textcomp Info: Setting txr sub-encoding to TS1/0 on input line 308.
Package textcomp Info: Setting txss sub-encoding to TS1/0 on input line 309.
Package textcomp Info: Setting txtt sub-encoding to TS1/0 on input line 310.
Package textcomp Info: Setting lmr sub-encoding to TS1/0 on input line 311.
Package textcomp Info: Setting lmdh sub-encoding to TS1/0 on input line 312.
Package textcomp Info: Setting lmss sub-encoding to TS1/0 on input line 313.
Package textcomp Info: Setting lmssq sub-encoding to TS1/0 on input line 314.
Package textcomp Info: Setting lmvtt sub-encoding to TS1/0 on input line 315.
Package textcomp Info: Setting qhv sub-encoding to TS1/0 on input line 316.
Package textcomp Info: Setting qag sub-encoding to TS1/0 on input line 317.
Package textcomp Info: Setting qbk sub-encoding to TS1/0 on input line 318.
Package textcomp Info: Setting qcr sub-encoding to TS1/0 on input line 319.
Package textcomp Info: Setting qcs sub-encoding to TS1/0 on input line 320.
Package textcomp Info: Setting qpl sub-encoding to TS1/0 on input line 321.
Package textcomp Info: Setting qtm sub-encoding to TS1/0 on input line 322.
Package textcomp Info: Setting qzc sub-encoding to TS1/0 on input line 323.
Package textcomp Info: Setting qhvc sub-encoding to TS1/0 on input line 324.
Package textcomp Info: Setting futs sub-encoding to TS1/4 on input line 325.
Package textcomp Info: Setting futx sub-encoding to TS1/4 on input line 326.
Package textcomp Info: Setting futj sub-encoding to TS1/4 on input line 327.
Package textcomp Info: Setting hlh sub-encoding to TS1/3 on input line 328.
Package textcomp Info: Setting hls sub-encoding to TS1/3 on input line 329.
Package textcomp Info: Setting hlst sub-encoding to TS1/3 on input line 330.
Package textcomp Info: Setting hlct sub-encoding to TS1/5 on input line 331.
Package textcomp Info: Setting hlx sub-encoding to TS1/5 on input line 332.
Package textcomp Info: Setting hlce sub-encoding to TS1/5 on input line 333.
Package textcomp Info: Setting hlcn sub-encoding to TS1/5 on input line 334.
Package textcomp Info: Setting hlcw sub-encoding to TS1/5 on input line 335.
Package textcomp Info: Setting hlcf sub-encoding to TS1/5 on input line 336.
Package textcomp Info: Setting pplx sub-encoding to TS1/3 on input line 337.
Package textcomp Info: Setting pplj sub-encoding to TS1/3 on input line 338.
Package textcomp Info: Setting ptmx sub-encoding to TS1/4 on input line 339.
Package textcomp Info: Setting ptmj sub-encoding to TS1/4 on input line 340.
)
(C:\MiKTeX\tex\latex\graphics\color.sty
Package: color 2005/11/14 v1.0j Standard LaTeX Color (DPC)
 (C:\MiKTeX\tex\latex\00miktex\color.cfg
File: color.cfg 2007/01/18 v1.5 color configuration of teTeX/TeXLive
)
Package color Info: Driver file: pdftex.def on input line 130.
) (C:\MiKTeX\tex\latex\psnfss\courier.sty
Package: courier 2005/04/12 PSNFSS-v9.2a (WaS) 
)
(C:\MiKTeX\tex\latex\listings\listings.sty
\lst@mode=\count105
\lst@gtempboxa=\box29
\lst@token=\toks23
\lst@length=\count106
\lst@currlwidth=\dimen124
\lst@column=\count107
\lst@pos=\count108
\lst@lostspace=\dimen125
\lst@width=\dimen126
\lst@newlines=\count109
\lst@lineno=\count110
\lst@maxwidth=\dimen127

(C:\MiKTeX\tex\latex\listings\lstmisc.sty
File: lstmisc.sty 2015/06/04 1.6 (Carsten Heinz)
\c@lstnumber=\count111
\lst@skipnumbers=\count112
\lst@framebox=\box30
)
(C:\MiKTeX\tex\latex\listings\listings.cfg
File: listings.cfg 2015/06/04 1.6 listings configuration
))
Package: listings 2015/06/04 1.6 (Carsten Heinz)

(C:\MiKTeX\tex\latex\listings\lstlang1.sty
File: lstlang1.sty 2015/06/04 1.6 listings language file
)
! Undefined control sequence.
l.35 \hypersetup
                {colorlinks, linkcolor=blue}
? 

! LaTeX Error: Missing \begin{document}.

See the LaTeX manual or LaTeX Companion for explanation.
Type  H <return>  for immediate help.
 ...                                              
                                                  
l.35 \hypersetup{c
                  olorlinks, linkcolor=blue}
? 
(C:\prak\prak\lab1\report\report.aux
LaTeX Font Info:    Try loading font information for T2A+cmr on input line 20.
 (C:\MiKTeX\tex\latex\cyrillic\t2acmr.fd
File: t2acmr.fd 2001/08/11 v1.0a Computer Modern Cyrillic font definitions
)<<t2a.cmap>>)
LaTeX Font Info:    Checking defaults for OML/cmm/m/it on input line 48.
LaTeX Font Info:    ... okay on input line 48.
LaTeX Font Info:    Checking defaults for T1/cmr/m/n on input line 48.
LaTeX Font Info:    ... okay on input line 48.
LaTeX Font Info:    Checking defaults for OT1/cmr/m/n on input line 48.
LaTeX Font Info:    ... okay on input line 48.
LaTeX Font Info:    Checking defaults for OMS/cmsy/m/n on input line 48.
LaTeX Font Info:    ... okay on input line 48.
LaTeX Font Info:    Checking defaults for OMX/cmex/m/n on input line 48.
LaTeX Font Info:    ... okay on input line 48.
LaTeX Font Info:    Checking defaults for U/cmr/m/n on input line 48.
LaTeX Font Info:    ... okay on input line 48.
LaTeX Font Info:    Checking defaults for T2A/cmr/m/n on input line 48.
LaTeX Font Info:    ... okay on input line 48.
LaTeX Font Info:    Checking defaults for TS1/cmr/m/n on input line 48.
LaTeX Font Info:    Try loading font information for TS1+cmr on input line 48.
 (C:\MiKTeX\tex\latex\base\ts1cmr.fd
File: ts1cmr.fd 1999/05/25 v2.5h Standard LaTeX font definitions
)
LaTeX Font Info:    ... okay on input line 48.

(C:\MiKTeX\tex\context\base\supp-pdf.mkii
[Loading MPS to PDF converter (version 2006.09.02).]
\scratchcounter=\count113
\scratchdimen=\dimen128
\scratchbox=\box31
\nofMPsegments=\count114
\nofMParguments=\count115
\everyMPshowfont=\toks24
\MPscratchCnt=\count116
\MPscratchDim=\dimen129
\MPnumerator=\count117
\makeMPintoPDFobject=\count118
\everyMPtoPDFconversion=\toks25
)
Package caption Info: Begin \AtBeginDocument code.
Package caption Info: listings package is loaded.
Package caption Info: End \AtBeginDocument code.
\c@lstlisting=\count119
 [1

{C:/MiKTeX/pdftex/config/pdftex.map}]<<ot1.cmap>><<oml.cmap>><<oms.cmap>><<omx.
cmap>>
LaTeX Font Info:    Try loading font information for U+msa on input line 71.
 (C:\MiKTeX\tex\latex\amsfonts\umsa.fd
File: umsa.fd 2013/01/14 v3.01 AMS symbols A
)
LaTeX Font Info:    Try loading font information for U+msb on input line 71.

(C:\MiKTeX\tex\latex\amsfonts\umsb.fd
File: umsb.fd 2013/01/14 v3.01 AMS symbols B
) [1]

LaTeX Font Warning: Font shape `T2A/cmr/m/n' in size <13> not available
(Font)              size <12> substituted on input line 78.

(C:\prak\prak\lab1\report\report.toc

LaTeX Font Warning: Font shape `T1/cmr/m/n' in size <13> not available
(Font)              size <12> substituted on input line 1.


LaTeX Font Warning: Font shape `T2A/cmr/bx/n' in size <13> not available
(Font)              size <12> substituted on input line 2.

)
\tf@toc=\write3
 [1] [2]
LaTeX Font Info:    Calculating math sizes for size <13> on input line 107.


LaTeX Font Warning: Font shape `OT1/cmr/m/n' in size <13> not available
(Font)              size <12> substituted on input line 107.


LaTeX Font Warning: Font shape `OT1/cmr/m/n' in size <6.5> not available
(Font)              size <6> substituted on input line 107.


LaTeX Font Warning: Font shape `OML/cmm/m/it' in size <13> not available
(Font)              size <12> substituted on input line 107.


LaTeX Font Warning: Font shape `OML/cmm/m/it' in size <6.5> not available
(Font)              size <6> substituted on input line 107.


LaTeX Font Warning: Font shape `OMS/cmsy/m/n' in size <13> not available
(Font)              size <12> substituted on input line 107.


LaTeX Font Warning: Font shape `OMS/cmsy/m/n' in size <6.5> not available
(Font)              size <6> substituted on input line 107.


Overfull \hbox (73.70686pt too wide) in paragraph at lines 107--107
\T2A/cmr/m/n/12 С по-мо-щью функ-ций NumPy сна-ча-ла на-хо-дит-ся мас-сив зна-ч
е-ний на диа-го-на-ли матрицы($\OML/cmm/m/it/12 np:diag\OT1/cmr/m/n/12 ()$\T2A/
cmr/m/n/12 ),
 []

LaTeX Font Info:    Try loading font information for T1+pcr on input line 107.
(C:\MiKTeX\tex\latex\psnfss\t1pcr.fd
File: t1pcr.fd 2001/06/04 font definitions for T1/pcr.
) (C:\prak\prak\lab1\task1.py)
(C:\prak\prak\lab1\task1.py)
Overfull \hbox (73.70686pt too wide) in paragraph at lines 113--113
\T2A/cmr/m/n/12 С по-мо-щью функ-ций NumPy сна-ча-ла на-хо-дит-ся мас-сив зна-ч
е-ний на диа-го-на-ли матрицы($\OML/cmm/m/it/12 np:diag\OT1/cmr/m/n/12 ()$\T2A/
cmr/m/n/12 ),
 []

(C:\prak\prak\lab1\task1.py) [3]
LaTeX Font Info:    Try loading font information for T2A+pcr on input line 117.

LaTeX Font Info:    No file T2Apcr.fd. on input line 117.


LaTeX Font Warning: Font shape `T2A/pcr/m/n' undefined
(Font)              using `T2A/cmr/m/n' instead on input line 117.


Overfull \hbox (20.3508pt too wide) in paragraph at lines 116--131
[] 
 []

<../pictures/task1.pdf, id=33, 433.62pt x 289.08pt>
File: ../pictures/task1.pdf Graphic file (type pdf)

<use ../pictures/task1.pdf>
Package pdftex.def Info: ../pictures/task1.pdf used on input line 135.
(pdftex.def)             Requested size: 364.19664pt x 242.80789pt.
 [4 <C:/prak/prak/lab1/pictures/task1.pdf>]
(C:\prak\prak\lab1\task2.py) (C:\prak\prak\lab1\task2.py)
(C:\prak\prak\lab1\task2.py) [5]

LaTeX Font Warning: Font shape `T2A/pcr/m/n' in size <13> not available
(Font)              size <12> substituted on input line 160.


Overfull \hbox (20.3508pt too wide) in paragraph at lines 159--176
[] 
 []

<../pictures/task2.pdf, id=86, 433.62pt x 289.08pt>
File: ../pictures/task2.pdf Graphic file (type pdf)

<use ../pictures/task2.pdf>
Package pdftex.def Info: ../pictures/task2.pdf used on input line 179.
(pdftex.def)             Requested size: 364.19664pt x 242.80789pt.
 [6 <C:/prak/prak/lab1/pictures/task2.pdf>]
(C:\prak\prak\lab1\task3.py)
Overfull \hbox (8.8317pt too wide) in paragraph at lines 194--196
\T2A/pcr/m/n/12 мас-си-ва от-сор-ти-ро-вать и срав-нить как $\OML/cmm/m/it/12 l
ist$\T2A/pcr/m/n/12 . Ис-поль-зу-ет-ся стан-дарт-ная функция($\OML/cmm/m/it/12 
sorted$\T2A/pcr/m/n/12 )
 []

(C:\prak\prak\lab1\task3.py) (C:\prak\prak\lab1\task3.py) [7]
<../pictures/task3.pdf, id=137, 433.62pt x 289.08pt>
File: ../pictures/task3.pdf Graphic file (type pdf)

<use ../pictures/task3.pdf>
Package pdftex.def Info: ../pictures/task3.pdf used on input line 221.
(pdftex.def)             Requested size: 364.19664pt x 242.80789pt.
 [8 <C:/prak/prak/lab1/pictures/task3.pdf>]
(C:\prak\prak\lab1\task4.py) (C:\prak\prak\lab1\task4.py)
(C:\prak\prak\lab1\task4.py) [9]
<../pictures/task4.pdf, id=188, 433.62pt x 289.08pt>
File: ../pictures/task4.pdf Graphic file (type pdf)

<use ../pictures/task4.pdf>
Package pdftex.def Info: ../pictures/task4.pdf used on input line 263.
(pdftex.def)             Requested size: 364.19664pt x 242.80789pt.
 [10 <C:/prak/prak/lab1/pictures/task4.pdf>]
Overfull \hbox (29.45818pt too wide) in paragraph at lines 271--272
\T2A/pcr/m/n/12 Дан трјх-мер-ный мас-сив, со-дер-жа-щий изоб-ра-же-ние, раз-ме-
ра $\OT1/cmr/m/n/12 (\OML/cmm/m/it/12 height; width; numChannels\OT1/cmr/m/n/12
 )$\T2A/pcr/m/n/12 ,
 []


Overfull \hbox (60.66414pt too wide) in paragraph at lines 271--272
\T2A/pcr/m/n/12 цвет-ное изоб-ра-же-ние в от-тен-ки се-ро-го, ис-поль-зо-вав ко
-эф-фи-ци-ен-ты $\OML/cmm/m/it/12 np:array\OT1/cmr/m/n/12 ([0\OML/cmm/m/it/12 :
\OT1/cmr/m/n/12 299\OML/cmm/m/it/12 ; \OT1/cmr/m/n/12 0\OML/cmm/m/it/12 :\OT1/c
mr/m/n/12 587\OML/cmm/m/it/12 ; \OT1/cmr/m/n/12 0\OML/cmm/m/it/12 :\OT1/cmr/m/n
/12 114])$\T2A/pcr/m/n/12 . 
 []

(C:\prak\prak\lab1\task5.py) (C:\prak\prak\lab1\task5.py)
(C:\prak\prak\lab1\task5.py) [11]
<../pictures/red_autumn_leaves_water.png, id=240, 851.18pt x 733.74126pt>
File: ../pictures/red_autumn_leaves_water.png Graphic file (type png)

<use ../pictures/red_autumn_leaves_water.png>
Package pdftex.def Info: ../pictures/red_autumn_leaves_water.png used on input 
line 308.
(pdftex.def)             Requested size: 204.85844pt x 176.59412pt.

<../pictures/gray_autumn_leaves_water.png, id=241, 851.18pt x 733.74126pt>
File: ../pictures/gray_autumn_leaves_water.png Graphic file (type png)

<use ../pictures/gray_autumn_leaves_water.png>
Package pdftex.def Info: ../pictures/gray_autumn_leaves_water.png used on input
 line 309.
(pdftex.def)             Requested size: 204.85844pt x 176.59412pt.
 [12 <C:/prak/prak/lab1/pictures/red_autumn_leaves_water.png (PNG copy)> <C:/pr
ak/prak/lab1/pictures/gray_autumn_leaves_water.png (PNG copy)>]
<../pictures/task5.pdf, id=245, 433.62pt x 289.08pt>
File: ../pictures/task5.pdf Graphic file (type pdf)

<use ../pictures/task5.pdf>
Package pdftex.def Info: ../pictures/task5.pdf used on input line 316.
(pdftex.def)             Requested size: 364.19664pt x 242.80789pt.
 [13 <C:/prak/prak/lab1/pictures/task5.pdf>]
(C:\prak\prak\lab1\task6.py
Overfull \hbox (0.76056pt too wide) in paragraph at lines 7--8
[][][][][][][][][][][][][][][][][][][][][][][][][][][][][][][][][][][][][][][][
][][][][] 
 []

) (C:\prak\prak\lab1\task6.py) (C:\prak\prak\lab1\task6.py) [14]
<../pictures/task6.pdf, id=297, 433.62pt x 289.08pt>
File: ../pictures/task6.pdf Graphic file (type pdf)

<use ../pictures/task6.pdf>
Package pdftex.def Info: ../pictures/task6.pdf used on input line 360.
(pdftex.def)             Requested size: 364.19664pt x 242.80789pt.
 [15 <C:/prak/prak/lab1/pictures/task6.pdf>]
(C:\prak\prak\lab1\task7.py) (C:\prak\prak\lab1\task7.py)
(C:\prak\prak\lab1\task7.py)
Underfull \hbox (badness 6575) in paragraph at lines 395--395
[]\T2A/pcr/m/n/12 Время ра-бо-ты ре-ше-ния
 []

<../pictures/task7.pdf, id=345, 433.62pt x 289.08pt>
File: ../pictures/task7.pdf Graphic file (type pdf)

<use ../pictures/task7.pdf>
Package pdftex.def Info: ../pictures/task7.pdf used on input line 401.
(pdftex.def)             Requested size: 364.19664pt x 242.80789pt.
 [16] [17 <C:/prak/prak/lab1/pictures/task7.pdf>]
Overfull \hbox (67.5785pt too wide) in paragraph at lines 410--411
\T2A/pcr/m/n/12 мат-ри-ца ко-ва-ри-а-ций $\OML/cmm/m/it/12 C$\T2A/pcr/m/n/12 , 
раз-мер $\OT1/cmr/m/n/12 (\OML/cmm/m/it/12 D; D\OT1/cmr/m/n/12 )$\T2A/pcr/m/n/1
2 . Срав-нить с $\OML/cmm/m/it/12 scipy:stats:multivariate[]ormal\OT1/cmr/m/n/1
2 (\OML/cmm/m/it/12 m; C\OT1/cmr/m/n/12 )\OML/cmm/m/it/12 :logpdf\OT1/cmr/m/n/1
2 (\OML/cmm/m/it/12 X\OT1/cmr/m/n/12 )$
 []


Overfull \hbox (2.56786pt too wide) in paragraph at lines 412--413
\T2A/pcr/m/n/12 Формула плот-но-сти невы-рож-ден-но-го нор-маль-но-го рас-пре-д
е-ле-ния вы-пол-не-на для всей
 []

(C:\prak\prak\lab1\task8.py)
Overfull \hbox (5.50464pt too wide) in paragraph at lines 416--417
\T2A/pcr/m/n/12 Формула плот-но-сти невы-рож-ден-но-го нор-маль-но-го рас-пре-д
е-ле-ния вы-пол-не-на для каж-
 []

(C:\prak\prak\lab1\task8.py) (C:\prak\prak\lab1\task8.py) [18]
<../pictures/task8.pdf, id=401, 433.62pt x 289.08pt>
File: ../pictures/task8.pdf Graphic file (type pdf)

<use ../pictures/task8.pdf>
Package pdftex.def Info: ../pictures/task8.pdf used on input line 441.
(pdftex.def)             Requested size: 364.19664pt x 242.80789pt.
 [19 <C:/prak/prak/lab1/pictures/task8.pdf>]
[20] (C:\prak\prak\lab1\report\report.aux)

LaTeX Font Warning: Size substitutions with differences
(Font)              up to 1.0pt have occurred.


LaTeX Font Warning: Some font shapes were not available, defaults substituted.


LaTeX Warning: Label(s) may have changed. Rerun to get cross-references right.

 ) 
Here is how much of TeX's memory you used:
 6608 strings out of 493921
 89239 string characters out of 3154596
 172958 words of memory out of 3000000
 9682 multiletter control sequences out of 15000+200000
 20980 words of font info for 60 fonts, out of 3000000 for 9000
 841 hyphenation exceptions out of 8191
 36i,9n,40p,1088b,1175s stack positions out of 5000i,500n,10000p,200000b,50000s
{C:/MiKTeX/fonts/enc/dvips/fontname/8r.enc}{C:/MiKTeX/fonts/enc/dvips/cm-supe
r/cm-super-t2a.enc}{C:/MiKTeX/fonts/enc/dvips/cm-super/cm-super-t1.enc}<C:/MiKT
eX/fonts/type1/public/amsfonts/cm/cmmi12.pfb><C:/MiKTeX/fonts/type1/public/amsf
onts/cm/cmmi9.pfb><C:/MiKTeX/fonts/type1/public/amsfonts/cm/cmr12.pfb><C:/MiKTe
X/fonts/type1/public/amsfonts/cm/cmr9.pfb><C:/MiKTeX/fonts/type1/public/amsfont
s/cm/cmsy10.pfb><C:/MiKTeX/fonts/type1/public/amsfonts/cm/cmsy9.pfb><C:/MiKTeX/
fonts/type1/public/cm-super/sfbx1200.pfb><C:/MiKTeX/fonts/type1/public/cm-super
/sfbx1440.pfb><C:/MiKTeX/fonts/type1/public/cm-super/sfbx1728.pfb><C:/MiKTeX/fo
nts/type1/public/cm-super/sfrm1000.pfb><C:/MiKTeX/fonts/type1/public/cm-super/s
frm1200.pfb><C:/MiKTeX/fonts/type1/urw/courier/ucrb8a.pfb><C:/MiKTeX/fonts/type
1/urw/courier/ucrr8a.pfb>
Output written on report.pdf (22 pages, 2029519 bytes).
PDF statistics:
 499 PDF objects out of 1000 (max. 8388607)
 0 named destinations out of 1000 (max. 500000)
 75 words of extra memory for PDF output out of 10000 (max. 10000000)

